=== Error occurred at Sat Apr 26 19:48:43 UTC 2025 ===
CMake configuration failed:\nCMake Deprecation Warning at CMakeLists.txt:14 (cmake_minimum_required):
  Compatibility with CMake < 3.10 will be removed from a future version of
  CMake.

  Update the VERSION argument <min> value.  Or, use the <min>...<max> syntax
  to tell CMake that the project requires at least <min> but has been updated
  to work with policies introduced by <max> or earlier.


-- The C compiler identification is GNU 13.3.0
-- The CXX compiler identification is GNU 13.3.0
-- Detecting C compiler ABI info
-- Detecting C compiler ABI info - done
-- Check for working C compiler: /usr/bin/cc - skipped
-- Detecting C compile features
-- Detecting C compile features - done
-- Detecting CXX compiler ABI info
-- Detecting CXX compiler ABI info - done
-- Check for working CXX compiler: /usr/bin/c++ - skipped
-- Detecting CXX compile features
-- Detecting CXX compile features - done
-- CMAKE_MODULE_PATH: /mnt/c/Users/gajen/tuxmath/cmake-modules
-- Found SDL2: /usr/lib/x86_64-linux-gnu/libSDL2.so
-- SDL2_FOUND: TRUE
-- SDL2_INCLUDE_DIRS: /usr/include/SDL2
-- SDL2_LIBRARIES: /usr/lib/x86_64-linux-gnu/libSDL2main.a;/usr/lib/x86_64-linux-gnu/libSDL2.so
-- Found SDL2_image: /usr/lib/x86_64-linux-gnu/libSDL2_image.so
-- SDL2_IMAGE_FOUND: TRUE
-- SDL2_IMAGE_INCLUDE_DIRS: /mnt/c/Users/gajen/tuxmath/deps/SDL2_image-2.8.2/include
-- SDL2_IMAGE_LIBRARIES: /usr/lib/x86_64-linux-gnu/libSDL2_image.so
-- Found SDL2_mixer: /usr/lib/x86_64-linux-gnu/libSDL2_mixer.so
-- SDL2_MIXER_FOUND: TRUE
-- SDL2_MIXER_INCLUDE_DIRS: /mnt/c/Users/gajen/tuxmath/deps/SDL2_mixer-2.8.0/include
-- SDL2_MIXER_LIBRARIES: /usr/lib/x86_64-linux-gnu/libSDL2_mixer.so
-- Found SDL2_ttf: /usr/lib/x86_64-linux-gnu/libSDL2_ttf.so
-- SDL2_TTF_FOUND: TRUE
-- SDL2_TTF_INCLUDE_DIRS: /usr/include/SDL2
-- SDL2_TTF_LIBRARIES: /usr/lib/x86_64-linux-gnu/libSDL2_ttf.so
Building TuxMath version 2.0.4
TBT IS installed
The installation location is /usr/local
Internationalization disabled
ENABLE_NLS OFF
-- Found PkgConfig: /usr/bin/pkg-config (found version "1.8.1")
-- Checking for module 'librsvg-2.0'
--   Found librsvg-2.0, version 2.58.0
-- Checking for module 'cairo'
--   Found cairo, version 1.18.0
-- Looking for scandir
-- Looking for scandir - found
-- Looking for error.h
-- Looking for error.h - found
-- Looking for search.h
-- Looking for search.h - found
CMake Deprecation Warning at data/CMakeLists.txt:1 (cmake_minimum_required):
  Compatibility with CMake < 3.10 will be removed from a future version of
  CMake.

  Update the VERSION argument <min> value.  Or, use the <min>...<max> syntax
  to tell CMake that the project requires at least <min> but has been updated
  to work with policies introduced by <max> or earlier.


Build type is installed
Installing data to /usr/local/share/tuxmath
CMake Deprecation Warning at doc/CMakeLists.txt:1 (cmake_minimum_required):
  Compatibility with CMake < 3.10 will be removed from a future version of
  CMake.

  Update the VERSION argument <min> value.  Or, use the <min>...<max> syntax
  to tell CMake that the project requires at least <min> but has been updated
  to work with policies introduced by <max> or earlier.


TMBD /mnt/c/Users/gajen/tuxmath/build_wsl
-- Configuring done (7.1s)
CMake Error at src/CMakeLists.txt:45 (add_executable):
  Cannot find source file:

    /mnt/c/Users/gajen/tuxmath/t4kcommon/src/t4k_common.c

  Tried extensions .c .C .c++ .cc .cpp .cxx .cu .mpp .m .M .mm .ixx .cppm
  .ccm .cxxm .c++m .h .hh .h++ .hm .hpp .hxx .in .txx .f .F .for .f77 .f90
  .f95 .f03 .hip .ispc


CMake Error at src/CMakeLists.txt:45 (add_executable):
  No SOURCES given to target: tuxmath


CMake Generate step failed.  Build files cannot be regenerated correctly.
